DEBUG:multipart.multipart:Calling on_field_start with no data
DEBUG:multipart.multipart:Calling on_field_name with data[0:7]
DEBUG:multipart.multipart:Calling on_field_data with data[8:9]
DEBUG:multipart.multipart:Calling on_field_end with no data
DEBUG:multipart.multipart:Calling on_field_start with no data
DEBUG:multipart.multipart:Calling on_field_name with data[10:25]
DEBUG:multipart.multipart:Calling on_field_data with data[26:28]
DEBUG:multipart.multipart:Calling on_field_end with no data
DEBUG:multipart.multipart:Calling on_field_start with no data
DEBUG:multipart.multipart:Calling on_field_name with data[29:57]
DEBUG:multipart.multipart:Calling on_field_data with data[58:60]
DEBUG:multipart.multipart:Calling on_field_end with no data
DEBUG:multipart.multipart:Calling on_end with no data
DEBUG:multipart.multipart:Calling on_field_start with no data
DEBUG:multipart.multipart:Calling on_field_name with data[0:7]
DEBUG:multipart.multipart:Calling on_field_data with data[8:9]
DEBUG:multipart.multipart:Calling on_field_end with no data
DEBUG:multipart.multipart:Calling on_field_start with no data
DEBUG:multipart.multipart:Calling on_field_name with data[10:25]
DEBUG:multipart.multipart:Calling on_field_data with data[26:28]
DEBUG:multipart.multipart:Calling on_field_end with no data
DEBUG:multipart.multipart:Calling on_field_start with no data
DEBUG:multipart.multipart:Calling on_field_name with data[29:57]
DEBUG:multipart.multipart:Calling on_field_data with data[58:60]
DEBUG:multipart.multipart:Calling on_field_end with no data
DEBUG:multipart.multipart:Calling on_end with no data
DEBUG:multipart.multipart:Calling on_field_start with no data
DEBUG:multipart.multipart:Calling on_field_name with data[0:7]
DEBUG:multipart.multipart:Calling on_field_data with data[8:9]
DEBUG:multipart.multipart:Calling on_field_end with no data
DEBUG:multipart.multipart:Calling on_field_start with no data
DEBUG:multipart.multipart:Calling on_field_name with data[10:25]
DEBUG:multipart.multipart:Calling on_field_data with data[26:28]
DEBUG:multipart.multipart:Calling on_field_end with no data
DEBUG:multipart.multipart:Calling on_field_start with no data
DEBUG:multipart.multipart:Calling on_field_name with data[29:57]
DEBUG:multipart.multipart:Calling on_field_data with data[58:60]
DEBUG:multipart.multipart:Calling on_field_end with no data
DEBUG:multipart.multipart:Calling on_end with no data
DEBUG:multipart.multipart:Calling on_field_start with no data
DEBUG:multipart.multipart:Calling on_field_name with data[0:7]
DEBUG:multipart.multipart:Calling on_field_data with data[8:9]
DEBUG:multipart.multipart:Calling on_field_end with no data
DEBUG:multipart.multipart:Calling on_field_start with no data
DEBUG:multipart.multipart:Calling on_field_name with data[10:25]
DEBUG:multipart.multipart:Calling on_field_data with data[26:28]
DEBUG:multipart.multipart:Calling on_field_end with no data
DEBUG:multipart.multipart:Calling on_field_start with no data
DEBUG:multipart.multipart:Calling on_field_name with data[29:57]
DEBUG:multipart.multipart:Calling on_field_data with data[58:60]
DEBUG:multipart.multipart:Calling on_field_end with no data
DEBUG:multipart.multipart:Calling on_end with no data
DEBUG:multipart.multipart:Calling on_field_start with no data
DEBUG:multipart.multipart:Calling on_field_name with data[0:7]
DEBUG:multipart.multipart:Calling on_field_data with data[8:9]
DEBUG:multipart.multipart:Calling on_field_end with no data
DEBUG:multipart.multipart:Calling on_field_start with no data
DEBUG:multipart.multipart:Calling on_field_name with data[10:25]
DEBUG:multipart.multipart:Calling on_field_data with data[26:28]
DEBUG:multipart.multipart:Calling on_field_end with no data
DEBUG:multipart.multipart:Calling on_field_start with no data
DEBUG:multipart.multipart:Calling on_field_name with data[29:57]
DEBUG:multipart.multipart:Calling on_field_data with data[58:60]
DEBUG:multipart.multipart:Calling on_field_end with no data
DEBUG:multipart.multipart:Calling on_end with no data
DEBUG:multipart.multipart:Calling on_field_start with no data
DEBUG:multipart.multipart:Calling on_field_name with data[0:7]
DEBUG:multipart.multipart:Calling on_field_data with data[8:9]
DEBUG:multipart.multipart:Calling on_field_end with no data
DEBUG:multipart.multipart:Calling on_field_start with no data
DEBUG:multipart.multipart:Calling on_field_name with data[10:25]
DEBUG:multipart.multipart:Calling on_field_data with data[26:28]
DEBUG:multipart.multipart:Calling on_field_end with no data
DEBUG:multipart.multipart:Calling on_field_start with no data
DEBUG:multipart.multipart:Calling on_field_name with data[29:57]
DEBUG:multipart.multipart:Calling on_field_data with data[58:60]
DEBUG:multipart.multipart:Calling on_field_end with no data
DEBUG:multipart.multipart:Calling on_end with no data
DEBUG:multipart.multipart:Calling on_field_start with no data
DEBUG:multipart.multipart:Calling on_field_name with data[0:7]
DEBUG:multipart.multipart:Calling on_field_data with data[8:9]
DEBUG:multipart.multipart:Calling on_field_end with no data
DEBUG:multipart.multipart:Calling on_field_start with no data
DEBUG:multipart.multipart:Calling on_field_name with data[10:25]
DEBUG:multipart.multipart:Calling on_field_data with data[26:28]
DEBUG:multipart.multipart:Calling on_field_end with no data
DEBUG:multipart.multipart:Calling on_field_start with no data
DEBUG:multipart.multipart:Calling on_field_name with data[29:57]
DEBUG:multipart.multipart:Calling on_field_data with data[58:60]
DEBUG:multipart.multipart:Calling on_field_end with no data
DEBUG:multipart.multipart:Calling on_end with no data
DEBUG:multipart.multipart:Calling on_field_start with no data
DEBUG:multipart.multipart:Calling on_field_name with data[0:7]
DEBUG:multipart.multipart:Calling on_field_data with data[8:9]
DEBUG:multipart.multipart:Calling on_field_end with no data
DEBUG:multipart.multipart:Calling on_field_start with no data
DEBUG:multipart.multipart:Calling on_field_name with data[10:25]
DEBUG:multipart.multipart:Calling on_field_data with data[26:28]
DEBUG:multipart.multipart:Calling on_field_end with no data
DEBUG:multipart.multipart:Calling on_field_start with no data
DEBUG:multipart.multipart:Calling on_field_name with data[29:57]
DEBUG:multipart.multipart:Calling on_field_data with data[58:60]
DEBUG:multipart.multipart:Calling on_field_end with no data
DEBUG:multipart.multipart:Calling on_end with no data
DEBUG:multipart.multipart:Calling on_field_start with no data
DEBUG:multipart.multipart:Calling on_field_name with data[0:7]
DEBUG:multipart.multipart:Calling on_field_data with data[8:9]
DEBUG:multipart.multipart:Calling on_field_end with no data
DEBUG:multipart.multipart:Calling on_field_start with no data
DEBUG:multipart.multipart:Calling on_field_name with data[10:25]
DEBUG:multipart.multipart:Calling on_field_data with data[26:28]
DEBUG:multipart.multipart:Calling on_field_end with no data
DEBUG:multipart.multipart:Calling on_field_start with no data
DEBUG:multipart.multipart:Calling on_field_name with data[29:57]
DEBUG:multipart.multipart:Calling on_field_data with data[58:60]
DEBUG:multipart.multipart:Calling on_field_end with no data
DEBUG:multipart.multipart:Calling on_end with no data
DEBUG:multipart.multipart:Calling on_field_start with no data
DEBUG:multipart.multipart:Calling on_field_name with data[0:7]
DEBUG:multipart.multipart:Calling on_field_data with data[8:9]
DEBUG:multipart.multipart:Calling on_field_end with no data
DEBUG:multipart.multipart:Calling on_field_start with no data
DEBUG:multipart.multipart:Calling on_field_name with data[10:25]
DEBUG:multipart.multipart:Calling on_field_data with data[26:28]
DEBUG:multipart.multipart:Calling on_field_end with no data
DEBUG:multipart.multipart:Calling on_field_start with no data
DEBUG:multipart.multipart:Calling on_field_name with data[29:57]
DEBUG:multipart.multipart:Calling on_field_data with data[58:60]
DEBUG:multipart.multipart:Calling on_field_end with no data
DEBUG:multipart.multipart:Calling on_end with no data
DEBUG:multipart.multipart:Calling on_field_start with no data
DEBUG:multipart.multipart:Calling on_field_name with data[0:7]
DEBUG:multipart.multipart:Calling on_field_data with data[8:9]
DEBUG:multipart.multipart:Calling on_field_end with no data
DEBUG:multipart.multipart:Calling on_field_start with no data
DEBUG:multipart.multipart:Calling on_field_name with data[10:25]
DEBUG:multipart.multipart:Calling on_field_data with data[26:28]
DEBUG:multipart.multipart:Calling on_field_end with no data
DEBUG:multipart.multipart:Calling on_field_start with no data
DEBUG:multipart.multipart:Calling on_field_name with data[29:57]
DEBUG:multipart.multipart:Calling on_field_data with data[58:60]
DEBUG:multipart.multipart:Calling on_field_end with no data
DEBUG:multipart.multipart:Calling on_end with no data
DEBUG:multipart.multipart:Calling on_field_start with no data
DEBUG:multipart.multipart:Calling on_field_name with data[0:7]
DEBUG:multipart.multipart:Calling on_field_data with data[8:9]
DEBUG:multipart.multipart:Calling on_field_end with no data
DEBUG:multipart.multipart:Calling on_field_start with no data
DEBUG:multipart.multipart:Calling on_field_name with data[10:25]
DEBUG:multipart.multipart:Calling on_field_data with data[26:28]
DEBUG:multipart.multipart:Calling on_field_end with no data
DEBUG:multipart.multipart:Calling on_field_start with no data
DEBUG:multipart.multipart:Calling on_field_name with data[29:57]
DEBUG:multipart.multipart:Calling on_field_data with data[58:60]
DEBUG:multipart.multipart:Calling on_field_end with no data
DEBUG:multipart.multipart:Calling on_end with no data
DEBUG:multipart.multipart:Calling on_field_start with no data
DEBUG:multipart.multipart:Calling on_field_name with data[0:7]
DEBUG:multipart.multipart:Calling on_field_data with data[8:10]
DEBUG:multipart.multipart:Calling on_field_end with no data
DEBUG:multipart.multipart:Calling on_field_start with no data
DEBUG:multipart.multipart:Calling on_field_name with data[11:26]
DEBUG:multipart.multipart:Calling on_field_data with data[27:29]
DEBUG:multipart.multipart:Calling on_field_end with no data
DEBUG:multipart.multipart:Calling on_field_start with no data
DEBUG:multipart.multipart:Calling on_field_name with data[30:58]
DEBUG:multipart.multipart:Calling on_field_data with data[59:61]
DEBUG:multipart.multipart:Calling on_field_end with no data
DEBUG:multipart.multipart:Calling on_end with no data
DEBUG:multipart.multipart:Calling on_field_start with no data
DEBUG:multipart.multipart:Calling on_field_name with data[0:7]
DEBUG:multipart.multipart:Calling on_field_data with data[8:10]
DEBUG:multipart.multipart:Calling on_field_end with no data
DEBUG:multipart.multipart:Calling on_field_start with no data
DEBUG:multipart.multipart:Calling on_field_name with data[11:26]
DEBUG:multipart.multipart:Calling on_field_data with data[27:29]
DEBUG:multipart.multipart:Calling on_field_end with no data
DEBUG:multipart.multipart:Calling on_field_start with no data
DEBUG:multipart.multipart:Calling on_field_name with data[30:58]
DEBUG:multipart.multipart:Calling on_field_data with data[59:61]
DEBUG:multipart.multipart:Calling on_field_end with no data
DEBUG:multipart.multipart:Calling on_end with no data
DEBUG:multipart.multipart:Calling on_field_start with no data
DEBUG:multipart.multipart:Calling on_field_name with data[0:7]
DEBUG:multipart.multipart:Calling on_field_data with data[8:10]
DEBUG:multipart.multipart:Calling on_field_end with no data
DEBUG:multipart.multipart:Calling on_field_start with no data
DEBUG:multipart.multipart:Calling on_field_name with data[11:26]
DEBUG:multipart.multipart:Calling on_field_data with data[27:29]
DEBUG:multipart.multipart:Calling on_field_end with no data
DEBUG:multipart.multipart:Calling on_field_start with no data
DEBUG:multipart.multipart:Calling on_field_name with data[30:58]
DEBUG:multipart.multipart:Calling on_field_data with data[59:61]
DEBUG:multipart.multipart:Calling on_field_end with no data
DEBUG:multipart.multipart:Calling on_end with no data
DEBUG:multipart.multipart:Calling on_field_start with no data
DEBUG:multipart.multipart:Calling on_field_name with data[0:7]
DEBUG:multipart.multipart:Calling on_field_data with data[8:9]
DEBUG:multipart.multipart:Calling on_field_end with no data
DEBUG:multipart.multipart:Calling on_field_start with no data
DEBUG:multipart.multipart:Calling on_field_name with data[10:25]
DEBUG:multipart.multipart:Calling on_field_data with data[26:28]
DEBUG:multipart.multipart:Calling on_field_end with no data
DEBUG:multipart.multipart:Calling on_field_start with no data
DEBUG:multipart.multipart:Calling on_field_name with data[29:57]
DEBUG:multipart.multipart:Calling on_field_data with data[58:60]
DEBUG:multipart.multipart:Calling on_field_end with no data
DEBUG:multipart.multipart:Calling on_end with no data
DEBUG:multipart.multipart:Calling on_field_start with no data
DEBUG:multipart.multipart:Calling on_field_name with data[0:7]
DEBUG:multipart.multipart:Calling on_field_data with data[8:9]
DEBUG:multipart.multipart:Calling on_field_end with no data
DEBUG:multipart.multipart:Calling on_field_start with no data
DEBUG:multipart.multipart:Calling on_field_name with data[10:25]
DEBUG:multipart.multipart:Calling on_field_data with data[26:28]
DEBUG:multipart.multipart:Calling on_field_end with no data
DEBUG:multipart.multipart:Calling on_field_start with no data
DEBUG:multipart.multipart:Calling on_field_name with data[29:57]
DEBUG:multipart.multipart:Calling on_field_data with data[58:60]
DEBUG:multipart.multipart:Calling on_field_end with no data
DEBUG:multipart.multipart:Calling on_end with no data
DEBUG:multipart.multipart:Calling on_field_start with no data
DEBUG:multipart.multipart:Calling on_field_name with data[0:7]
DEBUG:multipart.multipart:Calling on_field_data with data[8:9]
DEBUG:multipart.multipart:Calling on_field_end with no data
DEBUG:multipart.multipart:Calling on_field_start with no data
DEBUG:multipart.multipart:Calling on_field_name with data[10:25]
DEBUG:multipart.multipart:Calling on_field_data with data[26:28]
DEBUG:multipart.multipart:Calling on_field_end with no data
DEBUG:multipart.multipart:Calling on_field_start with no data
DEBUG:multipart.multipart:Calling on_field_name with data[29:57]
DEBUG:multipart.multipart:Calling on_field_data with data[58:60]
DEBUG:multipart.multipart:Calling on_field_end with no data
DEBUG:multipart.multipart:Calling on_end with no data
DEBUG:multipart.multipart:Calling on_field_start with no data
DEBUG:multipart.multipart:Calling on_field_name with data[0:7]
DEBUG:multipart.multipart:Calling on_field_data with data[8:9]
DEBUG:multipart.multipart:Calling on_field_end with no data
DEBUG:multipart.multipart:Calling on_field_start with no data
DEBUG:multipart.multipart:Calling on_field_name with data[10:25]
DEBUG:multipart.multipart:Calling on_field_data with data[26:28]
DEBUG:multipart.multipart:Calling on_field_end with no data
DEBUG:multipart.multipart:Calling on_field_start with no data
DEBUG:multipart.multipart:Calling on_field_name with data[29:57]
DEBUG:multipart.multipart:Calling on_field_data with data[58:60]
DEBUG:multipart.multipart:Calling on_field_end with no data
DEBUG:multipart.multipart:Calling on_end with no data
DEBUG:multipart.multipart:Calling on_field_start with no data
DEBUG:multipart.multipart:Calling on_field_name with data[0:7]
DEBUG:multipart.multipart:Calling on_field_data with data[8:9]
DEBUG:multipart.multipart:Calling on_field_end with no data
DEBUG:multipart.multipart:Calling on_field_start with no data
DEBUG:multipart.multipart:Calling on_field_name with data[10:25]
DEBUG:multipart.multipart:Calling on_field_data with data[26:28]
DEBUG:multipart.multipart:Calling on_field_end with no data
DEBUG:multipart.multipart:Calling on_field_start with no data
DEBUG:multipart.multipart:Calling on_field_name with data[29:57]
DEBUG:multipart.multipart:Calling on_field_data with data[58:60]
DEBUG:multipart.multipart:Calling on_field_end with no data
DEBUG:multipart.multipart:Calling on_end with no data
DEBUG:multipart.multipart:Calling on_field_start with no data
DEBUG:multipart.multipart:Calling on_field_name with data[0:4]
DEBUG:multipart.multipart:Calling on_field_data with data[5:7]
DEBUG:multipart.multipart:Calling on_field_end with no data
DEBUG:multipart.multipart:Calling on_field_start with no data
DEBUG:multipart.multipart:Calling on_field_name with data[8:28]
DEBUG:multipart.multipart:Calling on_field_data with data[29:31]
DEBUG:multipart.multipart:Calling on_field_end with no data
DEBUG:multipart.multipart:Calling on_field_start with no data
DEBUG:multipart.multipart:Calling on_field_name with data[32:52]
DEBUG:multipart.multipart:Calling on_field_data with data[53:55]
DEBUG:multipart.multipart:Calling on_field_end with no data
DEBUG:multipart.multipart:Calling on_end with no data
DEBUG:multipart.multipart:Calling on_field_start with no data
DEBUG:multipart.multipart:Calling on_field_name with data[0:4]
DEBUG:multipart.multipart:Calling on_field_data with data[5:7]
DEBUG:multipart.multipart:Calling on_field_end with no data
DEBUG:multipart.multipart:Calling on_field_start with no data
DEBUG:multipart.multipart:Calling on_field_name with data[8:28]
DEBUG:multipart.multipart:Calling on_field_data with data[29:31]
DEBUG:multipart.multipart:Calling on_field_end with no data
DEBUG:multipart.multipart:Calling on_field_start with no data
DEBUG:multipart.multipart:Calling on_field_name with data[32:52]
DEBUG:multipart.multipart:Calling on_field_data with data[53:55]
DEBUG:multipart.multipart:Calling on_field_end with no data
DEBUG:multipart.multipart:Calling on_end with no data
